<?xml version="1.0" encoding="UTF-8"?>
<!-- Generated by org.testng.reporters.JUnitReportReporter -->
<testsuite hostname="LAPTOP-U5NJN6TM" failures="0" tests="3" name="Day1.HTTPRequest" time="6.036" errors="0" timestamp="2024-12-28T16:06:00 IST" skipped="0">
  <testcase classname="Day1.HTTPRequest" name="getuser" time="2.877"/>
  <testcase classname="Day1.HTTPRequest" name="createuser" time="2.495"/>
  <testcase classname="Day1.HTTPRequest" name="updateuser" time="0.664"/>
</testsuite> <!-- Day1.HTTPRequest -->
