<?xml version="1.0" encoding="UTF-8"?>
<!-- Generated by org.testng.reporters.JUnitReportReporter -->
<testsuite hostname="LAPTOP-U5NJN6TM" failures="0" tests="1" name="Day3.PathAndQueryparameters" time="7.635" errors="0" timestamp="2024-12-29T18:29:54 IST" skipped="0">
  <testcase classname="Day3.PathAndQueryparameters" name="testPathAndQueryparameters" time="7.635"/>
</testsuite> <!-- Day3.PathAndQueryparameters -->
