<?xml version="1.0" encoding="UTF-8"?>
<!-- Generated by org.testng.reporters.JUnitReportReporter -->
<testsuite hostname="LAPTOP-U5NJN6TM" failures="0" tests="1" name="Day3.HeaderDemo" time="3.688" errors="0" timestamp="2024-12-30T14:03:55 IST" skipped="0">
  <testcase classname="Day3.HeaderDemo" name="getHeaderInfo" time="3.688"/>
</testsuite> <!-- Day3.HeaderDemo -->
