<?xml version="1.0" encoding="UTF-8"?>
<!-- Generated by org.testng.reporters.JUnitReportReporter -->
<testsuite hostname="LAPTOP-U5NJN6TM" failures="0" tests="1" name="Day3.CoockiesDemo" time="4.505" errors="0" timestamp="2024-12-30T13:08:05 IST" skipped="0">
  <testcase classname="Day3.CoockiesDemo" name="getcookiesInfo" time="4.505"/>
</testsuite> <!-- Day3.CoockiesDemo -->
