<?xml version="1.0" encoding="UTF-8"?>
<!-- Generated by org.testng.reporters.JUnitReportReporter -->
<testsuite hostname="LAPTOP-U5NJN6TM" failures="0" tests="1" name="Day3.HeaderDemo" time="6.222" errors="0" timestamp="2024-12-30T13:48:27 IST" skipped="0">
  <testcase classname="Day3.HeaderDemo" name="getHeaderInfo" time="6.222"/>
</testsuite> <!-- Day3.HeaderDemo -->
