<?xml version="1.0" encoding="UTF-8"?>
<!-- Generated by org.testng.reporters.JUnitReportReporter -->
<testsuite hostname="LAPTOP-U5NJN6TM" failures="0" tests="1" name="Day3.AllLogs_Demo" time="4.485" errors="0" timestamp="2024-12-30T14:15:22 IST" skipped="0">
  <testcase classname="Day3.AllLogs_Demo" name="testAllLogs" time="4.485"/>
</testsuite> <!-- Day3.AllLogs_Demo -->
